2026-02-13 12:12:58.734 | INFO     | __main__:main:755 - === ISP-GIN Experiment ===
2026-02-13 12:12:58.734 | INFO     | __main__:main:756 - Data: mini_data_out.json
2026-02-13 12:12:58.734 | INFO     | __main__:main:757 - Max examples: all
2026-02-13 12:12:58.735 | INFO     | __main__:run_experiment:457 - Loading data from /home/adrian/projects/ai-inventor/aii_pipeline/runs/run__20260213_112012/3_invention_loop/iter_2/gen_art/exp_id1_it2__opus/mini_data_out.json
2026-02-13 12:12:58.749 | INFO     | __main__:run_experiment:463 - Processing 12 graph pairs
2026-02-13 12:12:58.749 | INFO     | __main__:run_experiment:471 - Running 1-WL baseline on all pairs...
2026-02-13 12:12:58.776 | INFO     | __main__:run_experiment:476 - WL baseline distinguished 0/12 pairs
2026-02-13 12:12:58.778 | INFO     | __main__:run_experiment:480 - Running ISP-GIN sweep: 7 inits × 5 K × 4 L = 140 configs/pair
2026-02-13 12:12:58.779 | INFO     | __main__:run_experiment:485 - Total evaluations: 1680
2026-02-13 12:13:00.581 | INFO     | __main__:run_experiment:523 -   Pair 1/12 (id=0, brec_basic) took 1.80s
2026-02-13 12:13:06.817 | INFO     | __main__:run_experiment:523 -   Pair 5/12 (id=11, brec_regular) took 1.54s
2026-02-13 12:13:21.353 | INFO     | __main__:run_experiment:523 -   Pair 10/12 (id=50, csl) took 11.17s
2026-02-13 12:13:40.721 | INFO     | __main__:run_experiment:530 - ISP sweep completed in 41.9s
2026-02-13 12:13:40.722 | INFO     | __main__:run_experiment:605 - === RESULTS SUMMARY ===
2026-02-13 12:13:40.722 | INFO     | __main__:run_experiment:606 - WL baseline: 0/12 distinguished
2026-02-13 12:13:40.722 | INFO     | __main__:run_experiment:607 - ISP best config: random_walk_t3_K1_L1 → 9 pairs
2026-02-13 12:13:40.723 | INFO     | __main__:run_experiment:609 -   brec_basic: 3/3 (100.0%)
2026-02-13 12:13:40.723 | INFO     | __main__:run_experiment:609 -   brec_regular: 3/3 (100.0%)
2026-02-13 12:13:40.723 | INFO     | __main__:run_experiment:609 -   brec_cfi: 3/3 (100.0%)
2026-02-13 12:13:40.723 | INFO     | __main__:run_experiment:609 -   csl: 3/3 (100.0%)
2026-02-13 12:13:40.723 | INFO     | __main__:run_experiment:614 -   Init degree: best K=1, L=1 → 0.0%
2026-02-13 12:13:40.723 | INFO     | __main__:run_experiment:614 -   Init random_walk_t2: best K=1, L=1 → 0.0%
2026-02-13 12:13:40.723 | INFO     | __main__:run_experiment:614 -   Init random_walk_t3: best K=1, L=1 → 75.0%
2026-02-13 12:13:40.723 | INFO     | __main__:run_experiment:614 -   Init wl_color_r3: best K=1, L=1 → 0.0%
2026-02-13 12:13:40.723 | INFO     | __main__:run_experiment:614 -   Init local_topology: best K=1, L=1 → 75.0%
2026-02-13 12:13:40.723 | INFO     | __main__:run_experiment:614 -   Init multihop_hash: best K=1, L=1 → 0.0%
2026-02-13 12:13:40.723 | INFO     | __main__:run_experiment:614 -   Init spectral: best K=1, L=1 → 50.0%
2026-02-13 12:13:40.723 | INFO     | __main__:run_experiment:619 -   Epsilon strict (1e-02): 12/12 distinguished
2026-02-13 12:13:40.723 | INFO     | __main__:run_experiment:619 -   Epsilon moderate (1e-04): 12/12 distinguished
2026-02-13 12:13:40.723 | INFO     | __main__:run_experiment:619 -   Epsilon standard (1e-06): 12/12 distinguished
2026-02-13 12:13:40.723 | INFO     | __main__:run_experiment:619 -   Epsilon loose (1e-08): 12/12 distinguished
2026-02-13 12:13:40.734 | INFO     | __main__:main:768 - Saved results to /home/adrian/projects/ai-inventor/aii_pipeline/runs/run__20260213_112012/3_invention_loop/iter_2/gen_art/exp_id1_it2__opus/mini_method_out.json (32.5 KB)
2026-02-13 12:13:40.734 | INFO     | __main__:main:769 - Total runtime: 42.0s
2026-02-13 12:15:31.975 | INFO     | __main__:main:786 - === ISP-GIN Experiment ===
2026-02-13 12:15:31.975 | INFO     | __main__:main:787 - Data: mini_data_out.json
2026-02-13 12:15:31.975 | INFO     | __main__:main:788 - Max examples: all
2026-02-13 12:15:31.975 | INFO     | __main__:run_experiment:473 - Loading data from /home/adrian/projects/ai-inventor/aii_pipeline/runs/run__20260213_112012/3_invention_loop/iter_2/gen_art/exp_id1_it2__opus/mini_data_out.json
2026-02-13 12:15:31.976 | INFO     | __main__:run_experiment:479 - Processing 12 graph pairs
2026-02-13 12:15:31.976 | INFO     | __main__:run_experiment:487 - Running 1-WL baseline on all pairs...
2026-02-13 12:15:31.989 | INFO     | __main__:run_experiment:492 - WL baseline distinguished 0/12 pairs
2026-02-13 12:15:31.991 | INFO     | __main__:run_experiment:496 - Running ISP-GIN sweep: 7 inits × 5 K × 4 L = 140 configs/pair
2026-02-13 12:15:31.991 | INFO     | __main__:run_experiment:501 - Total evaluations: 1680
2026-02-13 12:15:36.775 | INFO     | __main__:run_experiment:544 -   Pair 1/12 (id=0, brec_basic) took 4.78s
2026-02-13 12:15:49.544 | INFO     | __main__:run_experiment:544 -   Pair 5/12 (id=11, brec_regular) took 2.06s
2026-02-13 12:16:14.746 | INFO     | __main__:run_experiment:544 -   Pair 10/12 (id=50, csl) took 18.82s
2026-02-13 12:16:32.719 | INFO     | __main__:run_experiment:551 - ISP sweep completed in 60.7s
2026-02-13 12:16:32.722 | INFO     | __main__:run_experiment:635 - === RESULTS SUMMARY ===
2026-02-13 12:16:32.723 | INFO     | __main__:run_experiment:636 - WL baseline: 0/12 distinguished
2026-02-13 12:16:32.723 | INFO     | __main__:run_experiment:637 - ISP best config: random_walk_t3_K1_L1 → 9 pairs
2026-02-13 12:16:32.723 | INFO     | __main__:run_experiment:639 -   brec_basic: 3/3 (100.0%)
2026-02-13 12:16:32.723 | INFO     | __main__:run_experiment:639 -   brec_regular: 3/3 (100.0%)
2026-02-13 12:16:32.723 | INFO     | __main__:run_experiment:639 -   brec_cfi: 3/3 (100.0%)
2026-02-13 12:16:32.723 | INFO     | __main__:run_experiment:639 -   csl: 3/3 (100.0%)
2026-02-13 12:16:32.723 | INFO     | __main__:run_experiment:644 -   Init degree: best K=16, L=4 → 0.0% (single cfg), 0.0% (any cfg)
2026-02-13 12:16:32.723 | INFO     | __main__:run_experiment:644 -   Init random_walk_t2: best K=16, L=4 → 0.0% (single cfg), 0.0% (any cfg)
2026-02-13 12:16:32.723 | INFO     | __main__:run_experiment:644 -   Init random_walk_t3: best K=16, L=4 → 75.0% (single cfg), 75.0% (any cfg)
2026-02-13 12:16:32.724 | INFO     | __main__:run_experiment:644 -   Init wl_color_r3: best K=16, L=4 → 0.0% (single cfg), 0.0% (any cfg)
2026-02-13 12:16:32.724 | INFO     | __main__:run_experiment:644 -   Init local_topology: best K=16, L=4 → 75.0% (single cfg), 75.0% (any cfg)
2026-02-13 12:16:32.724 | INFO     | __main__:run_experiment:644 -   Init multihop_hash: best K=16, L=4 → 0.0% (single cfg), 0.0% (any cfg)
2026-02-13 12:16:32.724 | INFO     | __main__:run_experiment:644 -   Init spectral: best K=16, L=4 → 50.0% (single cfg), 50.0% (any cfg)
2026-02-13 12:16:32.724 | INFO     | __main__:run_experiment:650 -   Epsilon strict (1e-02): 12/12 distinguished
2026-02-13 12:16:32.724 | INFO     | __main__:run_experiment:650 -   Epsilon moderate (1e-04): 12/12 distinguished
2026-02-13 12:16:32.724 | INFO     | __main__:run_experiment:650 -   Epsilon standard (1e-06): 12/12 distinguished
2026-02-13 12:16:32.724 | INFO     | __main__:run_experiment:650 -   Epsilon loose (1e-08): 12/12 distinguished
2026-02-13 12:16:32.726 | INFO     | __main__:main:799 - Saved results to /home/adrian/projects/ai-inventor/aii_pipeline/runs/run__20260213_112012/3_invention_loop/iter_2/gen_art/exp_id1_it2__opus/mini_method_out.json (33.1 KB)
2026-02-13 12:16:32.727 | INFO     | __main__:main:800 - Total runtime: 60.8s
2026-02-13 12:17:45.546 | INFO     | __main__:main:830 - === ISP-GIN Experiment ===
2026-02-13 12:17:45.549 | INFO     | __main__:main:831 - Data: mini_data_out.json
2026-02-13 12:17:45.549 | INFO     | __main__:main:832 - Max examples: all
2026-02-13 12:17:45.549 | INFO     | __main__:run_experiment:517 - Loading data from /home/adrian/projects/ai-inventor/aii_pipeline/runs/run__20260213_112012/3_invention_loop/iter_2/gen_art/exp_id1_it2__opus/mini_data_out.json
2026-02-13 12:17:45.550 | INFO     | __main__:run_experiment:523 - Processing 12 graph pairs
2026-02-13 12:17:45.550 | INFO     | __main__:run_experiment:531 - Running 1-WL baseline on all pairs...
2026-02-13 12:17:45.555 | INFO     | __main__:run_experiment:536 - WL baseline distinguished 0/12 pairs
2026-02-13 12:17:45.556 | INFO     | __main__:run_experiment:540 - Running ISP-GIN sweep: 7 inits × 5 K × 4 L = 140 configs/pair
2026-02-13 12:17:45.556 | INFO     | __main__:run_experiment:545 - Total evaluations: 1680
2026-02-13 12:17:45.991 | INFO     | __main__:run_experiment:588 -   Pair 1/12 (id=0, brec_basic) took 0.44s
2026-02-13 12:17:47.278 | INFO     | __main__:run_experiment:588 -   Pair 5/12 (id=11, brec_regular) took 0.40s
2026-02-13 12:17:48.988 | INFO     | __main__:run_experiment:588 -   Pair 10/12 (id=50, csl) took 0.38s
2026-02-13 12:17:49.676 | INFO     | __main__:run_experiment:595 - ISP sweep completed in 4.1s
2026-02-13 12:17:49.680 | INFO     | __main__:run_experiment:679 - === RESULTS SUMMARY ===
2026-02-13 12:17:49.680 | INFO     | __main__:run_experiment:680 - WL baseline: 0/12 distinguished
2026-02-13 12:17:49.680 | INFO     | __main__:run_experiment:681 - ISP best config: random_walk_t3_K1_L1 → 9 pairs
2026-02-13 12:17:49.680 | INFO     | __main__:run_experiment:683 -   brec_basic: 3/3 (100.0%)
2026-02-13 12:17:49.681 | INFO     | __main__:run_experiment:683 -   brec_regular: 3/3 (100.0%)
2026-02-13 12:17:49.681 | INFO     | __main__:run_experiment:683 -   brec_cfi: 3/3 (100.0%)
2026-02-13 12:17:49.681 | INFO     | __main__:run_experiment:683 -   csl: 3/3 (100.0%)
2026-02-13 12:17:49.681 | INFO     | __main__:run_experiment:688 -   Init degree: best K=16, L=4 → 0.0% (single cfg), 0.0% (any cfg)
2026-02-13 12:17:49.681 | INFO     | __main__:run_experiment:688 -   Init random_walk_t2: best K=16, L=4 → 0.0% (single cfg), 0.0% (any cfg)
2026-02-13 12:17:49.682 | INFO     | __main__:run_experiment:688 -   Init random_walk_t3: best K=16, L=4 → 75.0% (single cfg), 75.0% (any cfg)
2026-02-13 12:17:49.682 | INFO     | __main__:run_experiment:688 -   Init wl_color_r3: best K=16, L=4 → 0.0% (single cfg), 0.0% (any cfg)
2026-02-13 12:17:49.682 | INFO     | __main__:run_experiment:688 -   Init local_topology: best K=16, L=4 → 75.0% (single cfg), 75.0% (any cfg)
2026-02-13 12:17:49.682 | INFO     | __main__:run_experiment:688 -   Init multihop_hash: best K=16, L=4 → 0.0% (single cfg), 0.0% (any cfg)
2026-02-13 12:17:49.682 | INFO     | __main__:run_experiment:688 -   Init spectral: best K=16, L=4 → 50.0% (single cfg), 50.0% (any cfg)
2026-02-13 12:17:49.683 | INFO     | __main__:run_experiment:694 -   Epsilon strict (1e-02): 12/12 distinguished
2026-02-13 12:17:49.683 | INFO     | __main__:run_experiment:694 -   Epsilon moderate (1e-04): 12/12 distinguished
2026-02-13 12:17:49.683 | INFO     | __main__:run_experiment:694 -   Epsilon standard (1e-06): 12/12 distinguished
2026-02-13 12:17:49.684 | INFO     | __main__:run_experiment:694 -   Epsilon loose (1e-08): 12/12 distinguished
2026-02-13 12:17:49.687 | INFO     | __main__:main:843 - Saved results to /home/adrian/projects/ai-inventor/aii_pipeline/runs/run__20260213_112012/3_invention_loop/iter_2/gen_art/exp_id1_it2__opus/mini_method_out.json (33.1 KB)
2026-02-13 12:17:49.688 | INFO     | __main__:main:844 - Total runtime: 4.1s
2026-02-13 12:18:43.707 | INFO     | __main__:main:830 - === ISP-GIN Experiment ===
2026-02-13 12:18:43.708 | INFO     | __main__:main:831 - Data: full_data_out.json
2026-02-13 12:18:43.708 | INFO     | __main__:main:832 - Max examples: all
2026-02-13 12:18:43.708 | INFO     | __main__:run_experiment:517 - Loading data from /home/adrian/projects/ai-inventor/aii_pipeline/runs/run__20260213_112012/3_invention_loop/iter_2/gen_art/exp_id1_it2__opus/full_data_out.json
2026-02-13 12:18:43.713 | INFO     | __main__:run_experiment:523 - Processing 55 graph pairs
2026-02-13 12:18:43.713 | INFO     | __main__:run_experiment:531 - Running 1-WL baseline on all pairs...
2026-02-13 12:18:43.754 | INFO     | __main__:run_experiment:536 - WL baseline distinguished 0/55 pairs
2026-02-13 12:18:43.759 | INFO     | __main__:run_experiment:540 - Running ISP-GIN sweep: 7 inits × 5 K × 4 L = 140 configs/pair
2026-02-13 12:18:43.759 | INFO     | __main__:run_experiment:545 - Total evaluations: 7700
2026-02-13 12:18:44.072 | INFO     | __main__:run_experiment:588 -   Pair 1/55 (id=0, brec_basic) took 0.31s
2026-02-13 12:18:45.136 | INFO     | __main__:run_experiment:588 -   Pair 5/55 (id=4, brec_basic) took 0.24s
2026-02-13 12:18:46.437 | INFO     | __main__:run_experiment:588 -   Pair 10/55 (id=9, brec_basic) took 0.26s
2026-02-13 12:18:47.745 | INFO     | __main__:run_experiment:588 -   Pair 15/55 (id=14, brec_regular) took 0.24s
2026-02-13 12:18:48.888 | INFO     | __main__:run_experiment:588 -   Pair 20/55 (id=19, brec_regular) took 0.28s
2026-02-13 12:18:49.989 | INFO     | __main__:run_experiment:588 -   Pair 25/55 (id=24, brec_regular) took 0.21s
2026-02-13 12:18:51.179 | INFO     | __main__:run_experiment:588 -   Pair 30/55 (id=39, brec_cfi) took 0.21s
2026-02-13 12:18:52.236 | INFO     | __main__:run_experiment:588 -   Pair 35/55 (id=44, brec_cfi) took 0.21s
2026-02-13 12:18:53.867 | INFO     | __main__:run_experiment:588 -   Pair 40/55 (id=54, csl) took 0.33s
2026-02-13 12:18:55.367 | INFO     | __main__:run_experiment:588 -   Pair 45/55 (id=59, csl) took 0.25s
2026-02-13 12:18:56.816 | INFO     | __main__:run_experiment:588 -   Pair 50/55 (id=64, csl) took 0.31s
2026-02-13 12:18:58.630 | INFO     | __main__:run_experiment:588 -   Pair 55/55 (id=69, csl) took 0.46s
2026-02-13 12:18:58.630 | INFO     | __main__:run_experiment:595 - ISP sweep completed in 14.9s
2026-02-13 12:18:58.648 | INFO     | __main__:run_experiment:679 - === RESULTS SUMMARY ===
2026-02-13 12:18:58.648 | INFO     | __main__:run_experiment:680 - WL baseline: 0/55 distinguished
2026-02-13 12:18:58.648 | INFO     | __main__:run_experiment:681 - ISP best config: random_walk_t3_K1_L1 → 35 pairs
2026-02-13 12:18:58.648 | INFO     | __main__:run_experiment:683 -   brec_basic: 10/10 (100.0%)
2026-02-13 12:18:58.649 | INFO     | __main__:run_experiment:683 -   brec_regular: 15/15 (100.0%)
2026-02-13 12:18:58.649 | INFO     | __main__:run_experiment:683 -   brec_cfi: 10/10 (100.0%)
2026-02-13 12:18:58.649 | INFO     | __main__:run_experiment:683 -   csl: 20/20 (100.0%)
2026-02-13 12:18:58.649 | INFO     | __main__:run_experiment:688 -   Init degree: best K=16, L=4 → 0.0% (single cfg), 0.0% (any cfg)
2026-02-13 12:18:58.650 | INFO     | __main__:run_experiment:688 -   Init random_walk_t2: best K=16, L=4 → 0.0% (single cfg), 0.0% (any cfg)
2026-02-13 12:18:58.650 | INFO     | __main__:run_experiment:688 -   Init random_walk_t3: best K=16, L=4 → 63.6% (single cfg), 63.6% (any cfg)
2026-02-13 12:18:58.650 | INFO     | __main__:run_experiment:688 -   Init wl_color_r3: best K=16, L=4 → 0.0% (single cfg), 0.0% (any cfg)
2026-02-13 12:18:58.650 | INFO     | __main__:run_experiment:688 -   Init local_topology: best K=16, L=4 → 63.6% (single cfg), 63.6% (any cfg)
2026-02-13 12:18:58.650 | INFO     | __main__:run_experiment:688 -   Init multihop_hash: best K=16, L=4 → 0.0% (single cfg), 0.0% (any cfg)
2026-02-13 12:18:58.650 | INFO     | __main__:run_experiment:688 -   Init spectral: best K=16, L=4 → 43.6% (single cfg), 43.6% (any cfg)
2026-02-13 12:18:58.652 | INFO     | __main__:run_experiment:694 -   Epsilon strict (1e-02): 55/55 distinguished
2026-02-13 12:18:58.652 | INFO     | __main__:run_experiment:694 -   Epsilon moderate (1e-04): 55/55 distinguished
2026-02-13 12:18:58.652 | INFO     | __main__:run_experiment:694 -   Epsilon standard (1e-06): 55/55 distinguished
2026-02-13 12:18:58.652 | INFO     | __main__:run_experiment:694 -   Epsilon loose (1e-08): 55/55 distinguished
2026-02-13 12:18:58.659 | INFO     | __main__:main:843 - Saved results to /home/adrian/projects/ai-inventor/aii_pipeline/runs/run__20260213_112012/3_invention_loop/iter_2/gen_art/exp_id1_it2__opus/method_out.json (142.5 KB)
2026-02-13 12:18:58.661 | INFO     | __main__:main:844 - Total runtime: 14.9s
2026-02-13 12:19:29.286 | INFO     | __main__:main:830 - === ISP-GIN Experiment ===
2026-02-13 12:19:29.287 | INFO     | __main__:main:831 - Data: full_data_out.json
2026-02-13 12:19:29.287 | INFO     | __main__:main:832 - Max examples: all
2026-02-13 12:19:29.287 | INFO     | __main__:run_experiment:517 - Loading data from /home/adrian/projects/ai-inventor/aii_pipeline/runs/run__20260213_112012/3_invention_loop/iter_2/gen_art/exp_id1_it2__opus/full_data_out.json
2026-02-13 12:19:29.292 | INFO     | __main__:run_experiment:523 - Processing 55 graph pairs
2026-02-13 12:19:29.292 | INFO     | __main__:run_experiment:531 - Running 1-WL baseline on all pairs...
2026-02-13 12:19:29.329 | INFO     | __main__:run_experiment:536 - WL baseline distinguished 0/55 pairs
2026-02-13 12:19:29.329 | INFO     | __main__:run_experiment:540 - Running ISP-GIN sweep: 7 inits × 5 K × 4 L = 140 configs/pair
2026-02-13 12:19:29.329 | INFO     | __main__:run_experiment:545 - Total evaluations: 7700
2026-02-13 12:19:29.539 | INFO     | __main__:run_experiment:588 -   Pair 1/55 (id=0, brec_basic) took 0.21s
2026-02-13 12:19:30.425 | INFO     | __main__:run_experiment:588 -   Pair 5/55 (id=4, brec_basic) took 0.24s
2026-02-13 12:19:31.422 | INFO     | __main__:run_experiment:588 -   Pair 10/55 (id=9, brec_basic) took 0.22s
2026-02-13 12:19:32.489 | INFO     | __main__:run_experiment:588 -   Pair 15/55 (id=14, brec_regular) took 0.21s
2026-02-13 12:19:33.568 | INFO     | __main__:run_experiment:588 -   Pair 20/55 (id=19, brec_regular) took 0.24s
2026-02-13 12:19:34.628 | INFO     | __main__:run_experiment:588 -   Pair 25/55 (id=24, brec_regular) took 0.18s
2026-02-13 12:19:35.641 | INFO     | __main__:run_experiment:588 -   Pair 30/55 (id=39, brec_cfi) took 0.18s
2026-02-13 12:19:36.625 | INFO     | __main__:run_experiment:588 -   Pair 35/55 (id=44, brec_cfi) took 0.20s
2026-02-13 12:19:38.088 | INFO     | __main__:run_experiment:588 -   Pair 40/55 (id=54, csl) took 0.29s
2026-02-13 12:19:39.525 | INFO     | __main__:run_experiment:588 -   Pair 45/55 (id=59, csl) took 0.23s
2026-02-13 12:19:40.779 | INFO     | __main__:run_experiment:588 -   Pair 50/55 (id=64, csl) took 0.25s
2026-02-13 12:19:41.997 | INFO     | __main__:run_experiment:588 -   Pair 55/55 (id=69, csl) took 0.24s
2026-02-13 12:19:41.998 | INFO     | __main__:run_experiment:595 - ISP sweep completed in 12.7s
2026-02-13 12:19:42.007 | INFO     | __main__:run_experiment:679 - === RESULTS SUMMARY ===
2026-02-13 12:19:42.007 | INFO     | __main__:run_experiment:680 - WL baseline: 0/55 distinguished
2026-02-13 12:19:42.007 | INFO     | __main__:run_experiment:681 - ISP best config: random_walk_t3_K1_L1 → 35 pairs
2026-02-13 12:19:42.007 | INFO     | __main__:run_experiment:683 -   brec_basic: 10/10 (100.0%)
2026-02-13 12:19:42.008 | INFO     | __main__:run_experiment:683 -   brec_regular: 15/15 (100.0%)
2026-02-13 12:19:42.008 | INFO     | __main__:run_experiment:683 -   brec_cfi: 10/10 (100.0%)
2026-02-13 12:19:42.008 | INFO     | __main__:run_experiment:683 -   csl: 20/20 (100.0%)
2026-02-13 12:19:42.008 | INFO     | __main__:run_experiment:688 -   Init degree: best K=16, L=4 → 0.0% (single cfg), 0.0% (any cfg)
2026-02-13 12:19:42.008 | INFO     | __main__:run_experiment:688 -   Init random_walk_t2: best K=16, L=4 → 0.0% (single cfg), 0.0% (any cfg)
2026-02-13 12:19:42.008 | INFO     | __main__:run_experiment:688 -   Init random_walk_t3: best K=16, L=4 → 63.6% (single cfg), 63.6% (any cfg)
2026-02-13 12:19:42.009 | INFO     | __main__:run_experiment:688 -   Init wl_color_r3: best K=16, L=4 → 0.0% (single cfg), 0.0% (any cfg)
2026-02-13 12:19:42.009 | INFO     | __main__:run_experiment:688 -   Init local_topology: best K=16, L=4 → 63.6% (single cfg), 63.6% (any cfg)
2026-02-13 12:19:42.009 | INFO     | __main__:run_experiment:688 -   Init multihop_hash: best K=16, L=4 → 0.0% (single cfg), 0.0% (any cfg)
2026-02-13 12:19:42.009 | INFO     | __main__:run_experiment:688 -   Init spectral: best K=16, L=4 → 43.6% (single cfg), 43.6% (any cfg)
2026-02-13 12:19:42.009 | INFO     | __main__:run_experiment:694 -   Epsilon strict (1e-02): 55/55 distinguished
2026-02-13 12:19:42.010 | INFO     | __main__:run_experiment:694 -   Epsilon moderate (1e-04): 55/55 distinguished
2026-02-13 12:19:42.010 | INFO     | __main__:run_experiment:694 -   Epsilon standard (1e-06): 55/55 distinguished
2026-02-13 12:19:42.010 | INFO     | __main__:run_experiment:694 -   Epsilon loose (1e-08): 55/55 distinguished
2026-02-13 12:19:42.017 | INFO     | __main__:main:843 - Saved results to /home/adrian/projects/ai-inventor/aii_pipeline/runs/run__20260213_112012/3_invention_loop/iter_2/gen_art/exp_id1_it2__opus/method_out.json (142.5 KB)
2026-02-13 12:19:42.017 | INFO     | __main__:main:844 - Total runtime: 12.7s
